Arguments: 
  /usr/local/bin/node /usr/local/bin/yarn install --mutex network:42424 --non-interactive

PATH: 
  /usr/local/bin:/usr/bin:/bin:/usr/sbin:/sbin:/Applications/VMware Fusion.app/Contents/Public:/usr/local/go/bin:/opt/X11/bin

Yarn version: 
  1.22.10

Node version: 
  15.4.0

Platform: 
  darwin x64

Trace: 
  Error: http://82.157.49.182:4873/chalk: authorization required to access package chalk
      at Request.params.callback [as _callback] (/usr/local/lib/node_modules/yarn/lib/cli.js:66988:18)
      at Request.self.callback (/usr/local/lib/node_modules/yarn/lib/cli.js:140662:22)
      at Request.emit (node:events:376:20)
      at Request.<anonymous> (/usr/local/lib/node_modules/yarn/lib/cli.js:141634:10)
      at Request.emit (node:events:376:20)
      at IncomingMessage.<anonymous> (/usr/local/lib/node_modules/yarn/lib/cli.js:141556:12)
      at Object.onceWrapper (node:events:482:28)
      at IncomingMessage.emit (node:events:388:22)
      at endReadableNT (node:internal/streams/readable:1295:12)
      at processTicksAndRejections (node:internal/process/task_queues:80:21)

npm manifest: 
  {
  	"name": "@demo/vue",
  	"version": "0.0.1",
  	"description": "> TODO: description",
  	"author": "1184624439@qq.com <1184624439@qq.com>",
  	"homepage": "",
  	"license": "ISC",
  	"main": "lib/vue.js",
  	"directories": {
  		"lib": "lib",
  		"test": "__tests__"
  	},
  	"files": [
  		"lib"
  	],
  	"publishConfig": {
  		"access": "public"
  	},
  	"dependencies": {
  		"chalk": "^5.0.0",
  		"semver": "^7.3.5"
  	}
  }

yarn manifest: 
  No manifest

Lockfile: 
  No lockfile
